<?xml version="1.0" encoding="UTF-8"?>
<!-- Generated by org.testng.reporters.JUnitXMLReporter -->
<testsuite ignored="0" hostname="IN-CF1D5S3" failures="0" tests="3" name="test2" time="0.107" errors="0" timestamp="2024-04-08T11:24:00 IST">
  <testcase classname="tests.AmazonTests" name="@BeforeTest amazonSearchTest" time="0.011">
    <failure type="java.lang.NullPointerException" message="Cannot invoke &amp;quot;com.aventstack.extentreports.ExtentReports.createTest(String)&amp;quot; because &amp;quot;this.extent&amp;quot; is null">
      <![CDATA[java.lang.NullPointerException: Cannot invoke "com.aventstack.extentreports.ExtentReports.createTest(String)" because "this.extent" is null
at tests.AmazonTests.amazonSearchTest(AmazonTests.java:83)
at java.base/java.util.concurrent.FutureTask.run(FutureTask.java:317)
at java.base/java.util.concurrent.ThreadPoolExecutor.runWorker(ThreadPoolExecutor.java:1144)
at java.base/java.util.concurrent.ThreadPoolExecutor$Worker.run(ThreadPoolExecutor.java:642)
at java.base/java.lang.Thread.run(Thread.java:1583)
... Removed 13 stack frames]]>
    </failure>
  </testcase> <!-- @BeforeTest amazonSearchTest -->
  <testcase classname="tests.AmazonTests" name="@BeforeTest amazonSearchTest" time="0.011">
    <failure type="java.lang.NullPointerException" message="Cannot invoke &amp;quot;com.aventstack.extentreports.ExtentReports.createTest(String)&amp;quot; because &amp;quot;this.extent&amp;quot; is null">
      <![CDATA[java.lang.NullPointerException: Cannot invoke "com.aventstack.extentreports.ExtentReports.createTest(String)" because "this.extent" is null
at tests.AmazonTests.amazonSearchTest(AmazonTests.java:83)
at java.base/java.util.concurrent.FutureTask.run(FutureTask.java:317)
at java.base/java.util.concurrent.ThreadPoolExecutor.runWorker(ThreadPoolExecutor.java:1144)
at java.base/java.util.concurrent.ThreadPoolExecutor$Worker.run(ThreadPoolExecutor.java:642)
at java.base/java.lang.Thread.run(Thread.java:1583)
... Removed 13 stack frames]]>
    </failure>
  </testcase> <!-- @BeforeTest amazonSearchTest -->
  <testcase classname="tests.AmazonTests" name="@BeforeTest setUpTest" time="-1.712555640803E9">
    <skipped/>
  </testcase> <!-- @BeforeTest setUpTest -->
  <testcase classname="tests.AmazonTests" name="@BeforeTest setUpTest" time="-1.712555640806E9">
    <skipped/>
  </testcase> <!-- @BeforeTest setUpTest -->
  <testcase classname="tests.AmazonTests" name="@AfterMethod getScreenshot" time="-1.71255564084E9">
    <skipped/>
  </testcase> <!-- @AfterMethod getScreenshot -->
  <testcase classname="tests.AmazonTests" name="@AfterMethod getTestResult" time="-1.712555640843E9">
    <skipped/>
  </testcase> <!-- @AfterMethod getTestResult -->
  <testcase classname="tests.AmazonTests" name="@AfterMethod getScreenshot" time="-1.712555640841E9">
    <skipped/>
  </testcase> <!-- @AfterMethod getScreenshot -->
  <testcase classname="tests.AmazonTests" name="@AfterMethod getTestResult" time="-1.712555640847E9">
    <skipped/>
  </testcase> <!-- @AfterMethod getTestResult -->
  <testcase classname="tests.AmazonTests" name="@AfterMethod getScreenshot" time="-1.71255564085E9">
    <skipped/>
  </testcase> <!-- @AfterMethod getScreenshot -->
  <testcase classname="tests.AmazonTests" name="@AfterMethod getTestResult" time="-1.712555640854E9">
    <skipped/>
  </testcase> <!-- @AfterMethod getTestResult -->
  <testcase classname="tests.AmazonTests" name="@AfterMethod getScreenshot" time="-1.712555640862E9">
    <skipped/>
  </testcase> <!-- @AfterMethod getScreenshot -->
  <testcase classname="tests.AmazonTests" name="@AfterMethod getScreenshot" time="-1.712555640861E9">
    <skipped/>
  </testcase> <!-- @AfterMethod getScreenshot -->
  <testcase classname="tests.AmazonTests" name="@AfterMethod getTestResult" time="-1.712555640865E9">
    <skipped/>
  </testcase> <!-- @AfterMethod getTestResult -->
  <testcase classname="tests.AmazonTests" name="@AfterMethod getTestResult" time="-1.712555640867E9">
    <skipped/>
  </testcase> <!-- @AfterMethod getTestResult -->
  <testcase classname="tests.AmazonTests" name="@AfterTest tearDown" time="-1.712555640871E9">
    <skipped/>
  </testcase> <!-- @AfterTest tearDown -->
  <testcase classname="tests.AmazonTests" name="@AfterMethod getScreenshot" time="-1.712555640875E9">
    <skipped/>
  </testcase> <!-- @AfterMethod getScreenshot -->
  <testcase classname="tests.AmazonTests" name="@AfterMethod getTestResult" time="-1.712555640877E9">
    <skipped/>
  </testcase> <!-- @AfterMethod getTestResult -->
  <testcase classname="tests.AmazonTests" name="@AfterTest tearDown" time="-1.712555640878E9">
    <skipped/>
  </testcase> <!-- @AfterTest tearDown -->
  <testcase classname="tests.AmazonTests" name="amazonSearchTest" time="0.0">
    <skipped/>
  </testcase> <!-- amazonSearchTest -->
  <testcase classname="tests.AmazonTests" name="loginTest" time="0.0">
    <skipped/>
  </testcase> <!-- loginTest -->
  <testcase classname="tests.AmazonTests" name="loginTest2" time="0.0">
    <skipped/>
  </testcase> <!-- loginTest2 -->
</testsuite> <!-- test2 -->
