<?xml version="1.0" encoding="UTF-8"?>
<!-- Generated by org.testng.reporters.JUnitXMLReporter -->
<testsuite ignored="3" hostname="IN-CF1D5S3" failures="0" tests="0" time="31.215" errors="0" timestamp="2024-04-08T13:08:27 IST">
  <testcase classname="tests.AmazonTests" name="amazonSearchTest" time="0.0">
    <ignored/>
  </testcase> <!-- amazonSearchTest -->
  <testcase classname="tests.AmazonTests" name="loginTest" time="0.0">
    <ignored/>
  </testcase> <!-- loginTest -->
  <testcase classname="tests.AmazonTests" name="loginTest2" time="0.0">
    <ignored/>
  </testcase> <!-- loginTest2 -->
</testsuite>
